---------------------------------------------------------------------------------------------------------------
Date      : 11/03/2024 09:33:17
Poste     : EZR-BBS27341
Matricule : EZR-Atel_BBS
Code      : -2147467259
Message   : The Connection is broken.
Requete   : 

---------------------------------------------------------------------------------------------------------------
Date      : 11/03/2024 09:42:35
Poste     : EZR-BBS27341
Matricule : EZR-Atel_BBS
Code      : -2147467259
Message   : The Connection is broken.
Requete   : 

---------------------------------------------------------------------------------------------------------------
Date      : 11/03/2024 09:47:18
Poste     : EZR-BBS27341
Matricule : EZR-Atel_BBS
Code      : -2147467259
Message   : The Connection is broken.
Requete   : 

---------------------------------------------------------------------------------------------------------------
Date      : 11/03/2024 09:58:30
Poste     : EZR-BBS27341
Matricule : EZR-Atel_BBS
Code      : -2147467259
Message   : The Connection is broken.
Requete   : 

---------------------------------------------------------------------------------------------------------------
Date      : 11/03/2024 10:08:29
Poste     : EZR-BBS27341
Matricule : EZR-Atel_BBS
Code      : -2147467259
Message   : The Connection is broken.
Requete   : 

---------------------------------------------------------------------------------------------------------------
Date      : 11/03/2024 10:13:38
Poste     : EZR-BBS27341
Matricule : EZR-Atel_BBS
Code      : -2147467259
Message   : The Connection is broken.
Requete   : 

---------------------------------------------------------------------------------------------------------------
Date      : 11/03/2024 10:18:51
Poste     : EZR-BBS27341
Matricule : EZR-Atel_BBS
Code      : -2147467259
Message   : The Connection is broken.
Requete   : 

---------------------------------------------------------------------------------------------------------------
Date      : 11/03/2024 10:27:45
Poste     : EZR-BBS27341
Matricule : EZR-Atel_BBS
Code      : -2147467259
Message   : The Connection is broken.
Requete   : 

---------------------------------------------------------------------------------------------------------------
Date      : 11/03/2024 10:46:01
Poste     : EZR-BBS27341
Matricule : EZR-Atel_BBS
Code      : -2147467259
Message   : The Connection is broken.
Requete   : 

---------------------------------------------------------------------------------------------------------------
Date      : 11/03/2024 11:12:47
Poste     : EZR-BBS27341
Matricule : EZR-Atel_BBS
Code      : -2147467259
Message   : The Connection is broken.
Requete   : 

---------------------------------------------------------------------------------------------------------------
Date      : 11/03/2024 11:18:20
Poste     : EZR-BBS27341
Matricule : EZR-Atel_BBS
Code      : -2147467259
Message   : The Connection is broken.
Requete   : 

---------------------------------------------------------------------------------------------------------------
Date      : 11/03/2024 11:23:27
Poste     : EZR-BBS27341
Matricule : EZR-Atel_BBS
Code      : -2147467259
Message   : The Connection is broken.
Requete   : 

---------------------------------------------------------------------------------------------------------------
Date      : 11/03/2024 11:32:45
Poste     : EZR-BBS27341
Matricule : EZR-Atel_BBS
Code      : -2147467259
Message   : The Connection is broken.
Requete   : 

---------------------------------------------------------------------------------------------------------------
Date      : 11/03/2024 11:48:12
Poste     : EZR-BBS27341
Matricule : EZR-Atel_BBS
Code      : -2147467259
Message   : The Connection is broken.
Requete   : 

---------------------------------------------------------------------------------------------------------------
Date      : 11/03/2024 11:58:46
Poste     : EZR-BBS27341
Matricule : EZR-Atel_BBS
Code      : -2147467259
Message   : The Connection is broken.
Requete   : 

---------------------------------------------------------------------------------------------------------------
Date      : 11/03/2024 12:04:12
Poste     : EZR-BBS27341
Matricule : EZR-Atel_BBS
Code      : -2147467259
Message   : The Connection is broken.
Requete   : 

---------------------------------------------------------------------------------------------------------------
Date      : 11/03/2024 12:16:17
Poste     : EZR-BBS27341
Matricule : EZR-Atel_BBS
Code      : -2147467259
Message   : The Connection is broken.
Requete   : 

---------------------------------------------------------------------------------------------------------------
Date      : 11/03/2024 12:21:32
Poste     : EZR-BBS27341
Matricule : EZR-Atel_BBS
Code      : -2147467259
Message   : The Connection is broken.
Requete   : 

---------------------------------------------------------------------------------------------------------------
Date      : 11/03/2024 12:39:00
Poste     : EZR-BBS27341
Matricule : EZR-Atel_BBS
Code      : -2147467259
Message   : The Connection is broken.
Requete   : 

---------------------------------------------------------------------------------------------------------------
Date      : 11/03/2024 12:44:26
Poste     : EZR-BBS27341
Matricule : EZR-Atel_BBS
Code      : -2147467259
Message   : The Connection is broken.
Requete   : 

---------------------------------------------------------------------------------------------------------------
Date      : 11/03/2024 12:49:43
Poste     : EZR-BBS27341
Matricule : EZR-Atel_BBS
Code      : -2147467259
Message   : The Connection is broken.
Requete   : 

---------------------------------------------------------------------------------------------------------------
Date      : 11/03/2024 12:54:32
Poste     : EZR-BBS27341
Matricule : EZR-Atel_BBS
Code      : -2147467259
Message   : The Connection is broken.
Requete   : 

---------------------------------------------------------------------------------------------------------------
Date      : 11/03/2024 12:59:21
Poste     : EZR-BBS27341
Matricule : EZR-Atel_BBS
Code      : -2147467259
Message   : The Connection is broken.
Requete   : 

---------------------------------------------------------------------------------------------------------------
Date      : 11/03/2024 13:30:17
Poste     : EZR-BBS27341
Matricule : EZR-Atel_BBS
Code      : -2147467259
Message   : The Connection is broken.
Requete   : 

---------------------------------------------------------------------------------------------------------------
Date      : 11/03/2024 13:37:04
Poste     : EZR-BBS27341
Matricule : EZR-Atel_BBS
Code      : -2147467259
Message   : The Connection is broken.
Requete   : 

---------------------------------------------------------------------------------------------------------------
Date      : 11/03/2024 13:41:56
Poste     : EZR-BBS27341
Matricule : EZR-Atel_BBS
Code      : -2147467259
Message   : The Connection is broken.
Requete   : 

---------------------------------------------------------------------------------------------------------------
Date      : 11/03/2024 13:47:05
Poste     : EZR-BBS27341
Matricule : EZR-Atel_BBS
Code      : -2147467259
Message   : The Connection is broken.
Requete   : 

---------------------------------------------------------------------------------------------------------------
Date      : 11/03/2024 13:52:46
Poste     : EZR-BBS27341
Matricule : EZR-Atel_BBS
Code      : -2147467259
Message   : The Connection is broken.
Requete   : 

---------------------------------------------------------------------------------------------------------------
Date      : 11/03/2024 14:09:39
Poste     : EZR-BBS27341
Matricule : EZR-Atel_BBS
Code      : -2147467259
Message   : The Connection is broken.
Requete   : 

---------------------------------------------------------------------------------------------------------------
Date      : 11/03/2024 14:17:57
Poste     : EZR-BBS27341
Matricule : EZR-Atel_BBS
Code      : -2147467259
Message   : The Connection is broken.
Requete   : 

---------------------------------------------------------------------------------------------------------------
Date      : 11/03/2024 14:34:05
Poste     : EZR-BBS27341
Matricule : EZR-Atel_BBS
Code      : -2147467259
Message   : The Connection is broken.
Requete   : 

---------------------------------------------------------------------------------------------------------------
Date      : 11/03/2024 14:38:52
Poste     : EZR-BBS27341
Matricule : EZR-Atel_BBS
Code      : -1
Message   : Une erreur d'E/S s'est produite.
Requete   : DeconnexionBase

---------------------------------------------------------------------------------------------------------------
Date      : 11/03/2024 14:49:21
Poste     : EZR-BBS27341
Matricule : EZR-Atel_BBS
Code      : -2147467259
Message   : The Connection is broken.
Requete   : 

---------------------------------------------------------------------------------------------------------------
Date      : 11/03/2024 14:55:00
Poste     : EZR-BBS27341
Matricule : EZR-Atel_BBS
Code      : -2147467259
Message   : The Connection is broken.
Requete   : 

