---------------------------------------------------------------------------------------------------------------
Date      : 15/02/2024 09:09:15
Poste     : EZR-LAP702306
Matricule : G702306
Code      : -2147467259
Message   : The Connection is broken.
Requete   : 

---------------------------------------------------------------------------------------------------------------
Date      : 15/02/2024 11:15:05
Poste     : EZR-LAP702306
Matricule : G702306
Code      : -2147467259
Message   : The Connection is broken.
Requete   : 

---------------------------------------------------------------------------------------------------------------
Date      : 15/02/2024 16:03:51
Poste     : EZR-LAP702306
Matricule : G702306
Code      : -2147467259
Message   : The Connection is broken.
Requete   : 

