---------------------------------------------------------------------------------------------------------------
Date      : 16/02/2024 14:22:06
Poste     : EZR-LAP702306
Matricule : G702306
Code      : -2147467259
Message   : The Connection is broken.
Requete   : 

---------------------------------------------------------------------------------------------------------------
Date      : 16/02/2024 15:51:07
Poste     : EZR-LAP702306
Matricule : G702306
Code      : -2147467259
Message   : The Connection is broken.
Requete   : 

---------------------------------------------------------------------------------------------------------------
Date      : 16/02/2024 16:42:53
Poste     : EZR-LAP702306
Matricule : G702306
Code      : -2147467259
Message   : The Connection is broken.
Requete   : 

