---------------------------------------------------------------------------------------------------------------
Date      : 22/01/2024 11:16:35
Poste     : EZR-BBS27341
Matricule : EZR-Atel_BBS
Code      : -2147467259
Message   : The Connection is broken.
Requete   : 

---------------------------------------------------------------------------------------------------------------
Date      : 22/01/2024 11:39:11
Poste     : EZR-BBS27341
Matricule : EZR-Atel_BBS
Code      : -2147467259
Message   : The Connection is broken.
Requete   : 

---------------------------------------------------------------------------------------------------------------
Date      : 22/01/2024 12:03:07
Poste     : EZR-BBS27341
Matricule : EZR-Atel_BBS
Code      : -1
Message   : Une erreur d'E/S s'est produite.
Requete   : DeconnexionBase

---------------------------------------------------------------------------------------------------------------
Date      : 22/01/2024 14:38:11
Poste     : EZR-BBS27341
Matricule : EZR-Atel_BBS
Code      : -1
Message   : Une erreur d'E/S s'est produite.
Requete   : DeconnexionBase

---------------------------------------------------------------------------------------------------------------
Date      : 22/01/2024 15:15:47
Poste     : EZR-BBS27341
Matricule : EZR-Atel_BBS
Code      : -1
Message   : Une erreur d'E/S s'est produite.
Requete   : DeconnexionBase

---------------------------------------------------------------------------------------------------------------
Date      : 22/01/2024 16:58:52
Poste     : EZR-BBS27341
Matricule : EZR-Atel_BBS
Code      : -2147467259
Message   : The Connection is broken.
Requete   : 

