---------------------------------------------------------------------------------------------------------------
Date      : 18/03/2024 10:36:42
Poste     : EZR-BBS27341
Matricule : EZR-Atel_BBS
Code      : -1
Message   : Une erreur d'E/S s'est produite.
Requete   : DeconnexionBase

---------------------------------------------------------------------------------------------------------------
Date      : 18/03/2024 10:44:02
Poste     : EZR-BBS27341
Matricule : EZR-Atel_BBS
Code      : -1
Message   : Une erreur d'E/S s'est produite.
Requete   : DeconnexionBase

---------------------------------------------------------------------------------------------------------------
Date      : 18/03/2024 10:58:43
Poste     : EZR-BBS27341
Matricule : EZR-Atel_BBS
Code      : -2147467259
Message   : The Connection is broken.
Requete   : 

