---------------------------------------------------------------------------------------------------------------
Date      : 22/08/2023 10:25:24
Poste     : EZR-BBS27341
Matricule : EZR-Atel_BBS
Code      : -2147467259
Message   : The Connection is broken.
Requete   : 

---------------------------------------------------------------------------------------------------------------
Date      : 22/08/2023 14:52:56
Poste     : EZR-BBS27341
Matricule : EZR-Atel_BBS
Code      : -2147467259
Message   : The Connection is broken.
Requete   : 

---------------------------------------------------------------------------------------------------------------
Date      : 22/08/2023 15:57:45
Poste     : EZR-BBS27341
Matricule : EZR-Atel_BBS
Code      : -2147467259
Message   : The Connection is broken.
Requete   : 

---------------------------------------------------------------------------------------------------------------
Date      : 22/08/2023 16:19:25
Poste     : EZR-BBS27341
Matricule : EZR-Atel_BBS
Code      : -2147467259
Message   : The Connection is broken.
Requete   : 

---------------------------------------------------------------------------------------------------------------
Date      : 22/08/2023 16:27:42
Poste     : EZR-BBS27341
Matricule : EZR-Atel_BBS
Code      : -2147467259
Message   : The Connection is broken.
Requete   : 

