---------------------------------------------------------------------------------------------------------------
Date      : 25/04/2023 23:21:56
Poste     : EZR-LAP558412
Matricule : G558412
Code      : -2147467259
Message   : Failed to establish a connection to '10.153.249.79'.
Requete   : 

---------------------------------------------------------------------------------------------------------------
Date      : 25/04/2023 23:22:11
Poste     : EZR-LAP558412
Matricule : G558412
Code      : -2147467259
Message   : Failed to establish a connection to '10.153.249.79'.
Requete   : 

---------------------------------------------------------------------------------------------------------------
Date      : 25/04/2023 23:22:26
Poste     : EZR-LAP558412
Matricule : G558412
Code      : -2147467259
Message   : Failed to establish a connection to '10.153.249.79'.
Requete   : 

---------------------------------------------------------------------------------------------------------------
Date      : 25/04/2023 23:22:26
Poste     : EZR-LAP558412
Matricule : G558412
Code      : -2147467259
Message   : Failed to establish a connection to '10.153.249.79'.
Requete   : ConfigurationBase

