---------------------------------------------------------------------------------------------------------------
Date      : 19/03/2024 12:40:42
Poste     : EZR-AVS27046
Matricule : EZR-Atel_AVS
Code      : -1
Message   : Impossible de lire les données de la connexion de transport : Une connexion établie a été abandonnée par un logiciel de votre ordinateur hôte.
Requete   : DeconnexionBase

---------------------------------------------------------------------------------------------------------------
Date      : 19/03/2024 12:47:04
Poste     : EZR-AVS27046
Matricule : EZR-Atel_AVS
Code      : -2147467259
Message   : The Connection is broken.
Requete   : 

---------------------------------------------------------------------------------------------------------------
Date      : 19/03/2024 13:37:22
Poste     : EZR-AVS27046
Matricule : EZR-Atel_AVS
Code      : -2147467259
Message   : The Connection is broken.
Requete   : 

