---------------------------------------------------------------------------------------------------------------
Date      : 15/12/2023 11:31:38
Poste     : EZR-AVS27046
Matricule : EZR-Atel_AVS
Code      : -2147467259
Message   : The Connection is broken.
Requete   : 

---------------------------------------------------------------------------------------------------------------
Date      : 15/12/2023 11:37:05
Poste     : EZR-AVS27046
Matricule : EZR-Atel_AVS
Code      : -2147467259
Message   : The Connection is broken.
Requete   : 

---------------------------------------------------------------------------------------------------------------
Date      : 15/12/2023 11:52:35
Poste     : EZR-AVS27046
Matricule : EZR-Atel_AVS
Code      : -2147467259
Message   : The Connection is broken.
Requete   : 

