---------------------------------------------------------------------------------------------------------------
Date      : 17/03/2023 13:37:25
Poste     : EZR-BBS27341
Matricule : atel_rgw
Code      : -2147467259
Message   : The Connection is broken.
Requete   : 

---------------------------------------------------------------------------------------------------------------
Date      : 17/03/2023 14:47:17
Poste     : EZR-BBS27341
Matricule : atel_rgw
Code      : -2147467259
Message   : The Connection is broken.
Requete   : 

---------------------------------------------------------------------------------------------------------------
Date      : 17/03/2023 14:54:31
Poste     : EZR-BBS27341
Matricule : atel_rgw
Code      : -2147467259
Message   : The Connection is broken.
Requete   : 

---------------------------------------------------------------------------------------------------------------
Date      : 17/03/2023 15:31:13
Poste     : EZR-BBS27341
Matricule : atel_rgw
Code      : -2147467259
Message   : The Connection is broken.
Requete   : 

---------------------------------------------------------------------------------------------------------------
Date      : 17/03/2023 16:05:20
Poste     : EZR-BBS27341
Matricule : atel_rgw
Code      : -1
Message   : Impossible de lire les données de la connexion de transport : Une connexion établie a été abandonnée par un logiciel de votre ordinateur hôte.
Requete   : DeconnexionBase

