---------------------------------------------------------------------------------------------------------------
Date      : 12/01/2024 00:39:49
Poste     : EZR-LAP558468
Matricule : G558468
Code      : -2147467259
Message   : Failed to establish a connection to '10.153.249.79'.
Requete   : 

---------------------------------------------------------------------------------------------------------------
Date      : 12/01/2024 00:40:04
Poste     : EZR-LAP558468
Matricule : G558468
Code      : -2147467259
Message   : Failed to establish a connection to '10.153.249.79'.
Requete   : 

---------------------------------------------------------------------------------------------------------------
Date      : 12/01/2024 00:40:19
Poste     : EZR-LAP558468
Matricule : G558468
Code      : -2147467259
Message   : Failed to establish a connection to '10.153.249.79'.
Requete   : 

---------------------------------------------------------------------------------------------------------------
Date      : 12/01/2024 00:40:19
Poste     : EZR-LAP558468
Matricule : G558468
Code      : -2147467259
Message   : Failed to establish a connection to '10.153.249.79'.
Requete   : ConfigurationBase

---------------------------------------------------------------------------------------------------------------
Date      : 12/01/2024 10:07:31
Poste     : EZR-LAP558468
Matricule : G558468
Code      : -1
Message   : Une erreur d'E/S s'est produite.
Requete   : DeconnexionBase

---------------------------------------------------------------------------------------------------------------
Date      : 12/01/2024 10:20:40
Poste     : EZR-LAP558468
Matricule : G558468
Code      : -2147467259
Message   : The Connection is broken.
Requete   : 

