---------------------------------------------------------------------------------------------------------------
Date      : 23/01/2024 09:12:05
Poste     : EZR-BBS27341
Matricule : EZR-Atel_BBS
Code      : -2147467259
Message   : The Connection is broken.
Requete   : 

---------------------------------------------------------------------------------------------------------------
Date      : 23/01/2024 09:27:46
Poste     : EZR-BBS27341
Matricule : EZR-Atel_BBS
Code      : -2147467259
Message   : The Connection is broken.
Requete   : 

---------------------------------------------------------------------------------------------------------------
Date      : 23/01/2024 09:43:46
Poste     : EZR-BBS27341
Matricule : EZR-Atel_BBS
Code      : -2147467259
Message   : The Connection is broken.
Requete   : 

---------------------------------------------------------------------------------------------------------------
Date      : 23/01/2024 10:05:28
Poste     : EZR-BBS27341
Matricule : EZR-Atel_BBS
Code      : -1
Message   : Une erreur d'E/S s'est produite.
Requete   : DeconnexionBase

---------------------------------------------------------------------------------------------------------------
Date      : 23/01/2024 10:09:47
Poste     : EZR-BBS27341
Matricule : EZR-Atel_BBS
Code      : -2147467259
Message   : The Connection is broken.
Requete   : 

---------------------------------------------------------------------------------------------------------------
Date      : 23/01/2024 10:16:59
Poste     : EZR-BBS27341
Matricule : EZR-Atel_BBS
Code      : -2147467259
Message   : The Connection is broken.
Requete   : 

---------------------------------------------------------------------------------------------------------------
Date      : 23/01/2024 10:27:02
Poste     : EZR-BBS27341
Matricule : EZR-Atel_BBS
Code      : -1
Message   : Une erreur d'E/S s'est produite.
Requete   : DeconnexionBase

---------------------------------------------------------------------------------------------------------------
Date      : 23/01/2024 10:57:56
Poste     : EZR-BBS27341
Matricule : EZR-Atel_BBS
Code      : -1
Message   : Une erreur d'E/S s'est produite.
Requete   : DeconnexionBase

---------------------------------------------------------------------------------------------------------------
Date      : 23/01/2024 11:24:00
Poste     : EZR-BBS27341
Matricule : EZR-Atel_BBS
Code      : -2147467259
Message   : The Connection is broken.
Requete   : 

---------------------------------------------------------------------------------------------------------------
Date      : 23/01/2024 11:28:42
Poste     : EZR-BBS27341
Matricule : EZR-Atel_BBS
Code      : -2147467259
Message   : The Connection is broken.
Requete   : 

---------------------------------------------------------------------------------------------------------------
Date      : 23/01/2024 15:17:17
Poste     : EZR-BBS27341
Matricule : EZR-Atel_BBS
Code      : -1
Message   : Une erreur d'E/S s'est produite.
Requete   : DeconnexionBase

---------------------------------------------------------------------------------------------------------------
Date      : 23/01/2024 15:36:17
Poste     : EZR-BBS27341
Matricule : EZR-Atel_BBS
Code      : -1
Message   : Impossible de lire les données de la connexion de transport : Une connexion établie a été abandonnée par un logiciel de votre ordinateur hôte.
Requete   : DeconnexionBase

---------------------------------------------------------------------------------------------------------------
Date      : 23/01/2024 15:48:59
Poste     : EZR-BBS27341
Matricule : EZR-Atel_BBS
Code      : -2147467259
Message   : The Connection is broken.
Requete   : 

