---------------------------------------------------------------------------------------------------------------
Date      : 21/03/2024 09:52:32
Poste     : EZR-AVS27046
Matricule : EZR-Atel_AVS
Code      : -2147467259
Message   : The Connection is broken.
Requete   : 

---------------------------------------------------------------------------------------------------------------
Date      : 21/03/2024 10:02:46
Poste     : EZR-AVS27046
Matricule : EZR-Atel_AVS
Code      : -2147467259
Message   : The Connection is broken.
Requete   : 

---------------------------------------------------------------------------------------------------------------
Date      : 21/03/2024 10:11:24
Poste     : EZR-AVS27046
Matricule : EZR-Atel_AVS
Code      : -2147467259
Message   : The Connection is broken.
Requete   : 

---------------------------------------------------------------------------------------------------------------
Date      : 21/03/2024 10:25:20
Poste     : EZR-AVS27046
Matricule : EZR-Atel_AVS
Code      : -2147467259
Message   : The Connection is broken.
Requete   : 

---------------------------------------------------------------------------------------------------------------
Date      : 21/03/2024 10:52:36
Poste     : EZR-AVS27046
Matricule : EZR-Atel_AVS
Code      : -2147467259
Message   : The Connection is broken.
Requete   : 

---------------------------------------------------------------------------------------------------------------
Date      : 21/03/2024 10:58:25
Poste     : EZR-AVS27046
Matricule : EZR-Atel_AVS
Code      : -1
Message   : Une erreur d'E/S s'est produite.
Requete   : DeconnexionBase

---------------------------------------------------------------------------------------------------------------
Date      : 21/03/2024 11:06:11
Poste     : EZR-AVS27046
Matricule : EZR-Atel_AVS
Code      : -2147467259
Message   : The Connection is broken.
Requete   : 

---------------------------------------------------------------------------------------------------------------
Date      : 21/03/2024 11:13:56
Poste     : EZR-AVS27046
Matricule : EZR-Atel_AVS
Code      : -2147467259
Message   : The Connection is broken.
Requete   : 

---------------------------------------------------------------------------------------------------------------
Date      : 21/03/2024 11:19:48
Poste     : EZR-AVS27046
Matricule : EZR-Atel_AVS
Code      : -2147467259
Message   : The Connection is broken.
Requete   : 

---------------------------------------------------------------------------------------------------------------
Date      : 21/03/2024 11:35:38
Poste     : EZR-AVS27046
Matricule : EZR-Atel_AVS
Code      : -2147467259
Message   : The Connection is broken.
Requete   : 

---------------------------------------------------------------------------------------------------------------
Date      : 21/03/2024 11:42:32
Poste     : EZR-AVS27046
Matricule : EZR-Atel_AVS
Code      : -2147467259
Message   : The Connection is broken.
Requete   : 

---------------------------------------------------------------------------------------------------------------
Date      : 21/03/2024 12:06:17
Poste     : EZR-AVS27046
Matricule : EZR-Atel_AVS
Code      : -2147467259
Message   : The Connection is broken.
Requete   : 

---------------------------------------------------------------------------------------------------------------
Date      : 21/03/2024 12:17:18
Poste     : EZR-AVS27046
Matricule : EZR-Atel_AVS
Code      : -2147467259
Message   : The Connection is broken.
Requete   : 

---------------------------------------------------------------------------------------------------------------
Date      : 21/03/2024 12:28:29
Poste     : EZR-AVS27046
Matricule : EZR-Atel_AVS
Code      : -2147467259
Message   : The Connection is broken.
Requete   : 

---------------------------------------------------------------------------------------------------------------
Date      : 21/03/2024 12:32:37
Poste     : EZR-AVS27046
Matricule : EZR-Atel_AVS
Code      : -2147467259
Message   : The Connection is broken.
Requete   : 

---------------------------------------------------------------------------------------------------------------
Date      : 21/03/2024 12:45:27
Poste     : EZR-AVS27046
Matricule : EZR-Atel_AVS
Code      : -2147467259
Message   : The Connection is broken.
Requete   : 

---------------------------------------------------------------------------------------------------------------
Date      : 21/03/2024 13:20:45
Poste     : EZR-AVS27046
Matricule : EZR-Atel_AVS
Code      : -1
Message   : Une erreur d'E/S s'est produite.
Requete   : DeconnexionBase

---------------------------------------------------------------------------------------------------------------
Date      : 21/03/2024 13:25:10
Poste     : EZR-AVS27046
Matricule : EZR-Atel_AVS
Code      : -2147467259
Message   : The Connection is broken.
Requete   : 

---------------------------------------------------------------------------------------------------------------
Date      : 21/03/2024 13:33:40
Poste     : EZR-AVS27046
Matricule : EZR-Atel_AVS
Code      : -2147467259
Message   : The Connection is broken.
Requete   : 

---------------------------------------------------------------------------------------------------------------
Date      : 21/03/2024 13:45:48
Poste     : EZR-AVS27046
Matricule : EZR-Atel_AVS
Code      : -2147467259
Message   : The Connection is broken.
Requete   : 

---------------------------------------------------------------------------------------------------------------
Date      : 21/03/2024 13:53:37
Poste     : EZR-AVS27046
Matricule : EZR-Atel_AVS
Code      : -2147467259
Message   : The Connection is broken.
Requete   : 

---------------------------------------------------------------------------------------------------------------
Date      : 21/03/2024 14:02:32
Poste     : EZR-AVS27046
Matricule : EZR-Atel_AVS
Code      : -2147467259
Message   : The Connection is broken.
Requete   : 

---------------------------------------------------------------------------------------------------------------
Date      : 21/03/2024 14:12:01
Poste     : EZR-AVS27046
Matricule : EZR-Atel_AVS
Code      : -2147467259
Message   : The Connection is broken.
Requete   : 

---------------------------------------------------------------------------------------------------------------
Date      : 21/03/2024 14:43:44
Poste     : EZR-AVS27046
Matricule : EZR-Atel_AVS
Code      : -2147467259
Message   : The Connection is broken.
Requete   : 

---------------------------------------------------------------------------------------------------------------
Date      : 21/03/2024 16:35:56
Poste     : EZR-AVS27046
Matricule : EZR-Atel_AVS
Code      : -1
Message   : Une erreur d'E/S s'est produite.
Requete   : DeconnexionBase

---------------------------------------------------------------------------------------------------------------
Date      : 21/03/2024 16:48:12
Poste     : EZR-AVS27046
Matricule : EZR-Atel_AVS
Code      : -2147467259
Message   : The Connection is broken.
Requete   : 

---------------------------------------------------------------------------------------------------------------
Date      : 21/03/2024 17:16:44
Poste     : EZR-AVS27046
Matricule : EZR-Atel_AVS
Code      : -2147467259
Message   : The Connection is broken.
Requete   : 

