---------------------------------------------------------------------------------------------------------------
Date      : 28/03/2024 06:01:50
Poste     : EZR-AVS27046
Matricule : EZR-Atel_AVS
Code      : -2147467259
Message   : The Connection is broken.
Requete   : 

---------------------------------------------------------------------------------------------------------------
Date      : 28/03/2024 06:09:17
Poste     : EZR-AVS27046
Matricule : EZR-Atel_AVS
Code      : -2147467259
Message   : The Connection is broken.
Requete   : 

---------------------------------------------------------------------------------------------------------------
Date      : 28/03/2024 06:12:43
Poste     : EZR-AVS27046
Matricule : EZR-Atel_AVS
Code      : -2147467259
Message   : The Connection is broken.
Requete   : 

---------------------------------------------------------------------------------------------------------------
Date      : 28/03/2024 06:17:41
Poste     : EZR-AVS27046
Matricule : EZR-Atel_AVS
Code      : -2147467259
Message   : The Connection is broken.
Requete   : 

---------------------------------------------------------------------------------------------------------------
Date      : 28/03/2024 06:44:09
Poste     : EZR-AVS27046
Matricule : EZR-Atel_AVS
Code      : -2147467259
Message   : The Connection is broken.
Requete   : 

---------------------------------------------------------------------------------------------------------------
Date      : 28/03/2024 06:49:41
Poste     : EZR-AVS27046
Matricule : EZR-Atel_AVS
Code      : -2147467259
Message   : The Connection is broken.
Requete   : 

---------------------------------------------------------------------------------------------------------------
Date      : 28/03/2024 06:58:41
Poste     : EZR-AVS27046
Matricule : EZR-Atel_AVS
Code      : -2147467259
Message   : The Connection is broken.
Requete   : 

---------------------------------------------------------------------------------------------------------------
Date      : 28/03/2024 07:03:42
Poste     : EZR-AVS27046
Matricule : EZR-Atel_AVS
Code      : -2147467259
Message   : The Connection is broken.
Requete   : 

---------------------------------------------------------------------------------------------------------------
Date      : 28/03/2024 07:09:38
Poste     : EZR-AVS27046
Matricule : EZR-Atel_AVS
Code      : -2147467259
Message   : The Connection is broken.
Requete   : 

---------------------------------------------------------------------------------------------------------------
Date      : 28/03/2024 07:16:40
Poste     : EZR-AVS27046
Matricule : EZR-Atel_AVS
Code      : -2147467259
Message   : The Connection is broken.
Requete   : 

---------------------------------------------------------------------------------------------------------------
Date      : 28/03/2024 07:27:41
Poste     : EZR-AVS27046
Matricule : EZR-Atel_AVS
Code      : -2147467259
Message   : The Connection is broken.
Requete   : 

---------------------------------------------------------------------------------------------------------------
Date      : 28/03/2024 07:32:34
Poste     : EZR-AVS27046
Matricule : EZR-Atel_AVS
Code      : -2147467259
Message   : The Connection is broken.
Requete   : 

---------------------------------------------------------------------------------------------------------------
Date      : 28/03/2024 07:39:38
Poste     : EZR-AVS27046
Matricule : EZR-Atel_AVS
Code      : -2147467259
Message   : The Connection is broken.
Requete   : 

---------------------------------------------------------------------------------------------------------------
Date      : 28/03/2024 07:44:34
Poste     : EZR-AVS27046
Matricule : EZR-Atel_AVS
Code      : -2147467259
Message   : The Connection is broken.
Requete   : 

---------------------------------------------------------------------------------------------------------------
Date      : 28/03/2024 07:48:30
Poste     : EZR-AVS27046
Matricule : EZR-Atel_AVS
Code      : -2147467259
Message   : The Connection is broken.
Requete   : 

---------------------------------------------------------------------------------------------------------------
Date      : 28/03/2024 07:53:19
Poste     : EZR-AVS27046
Matricule : EZR-Atel_AVS
Code      : -2147467259
Message   : The Connection is broken.
Requete   : 

---------------------------------------------------------------------------------------------------------------
Date      : 28/03/2024 07:59:40
Poste     : EZR-AVS27046
Matricule : EZR-Atel_AVS
Code      : -2147467259
Message   : The Connection is broken.
Requete   : 

---------------------------------------------------------------------------------------------------------------
Date      : 28/03/2024 08:09:18
Poste     : EZR-AVS27046
Matricule : EZR-Atel_AVS
Code      : -2147467259
Message   : The Connection is broken.
Requete   : 

---------------------------------------------------------------------------------------------------------------
Date      : 28/03/2024 08:12:54
Poste     : EZR-AVS27046
Matricule : EZR-Atel_AVS
Code      : -2147467259
Message   : The Connection is broken.
Requete   : 

---------------------------------------------------------------------------------------------------------------
Date      : 28/03/2024 08:19:33
Poste     : EZR-AVS27046
Matricule : EZR-Atel_AVS
Code      : -2147467259
Message   : The Connection is broken.
Requete   : 

---------------------------------------------------------------------------------------------------------------
Date      : 28/03/2024 08:25:50
Poste     : EZR-AVS27046
Matricule : EZR-Atel_AVS
Code      : -2147467259
Message   : The Connection is broken.
Requete   : 

---------------------------------------------------------------------------------------------------------------
Date      : 28/03/2024 08:30:32
Poste     : EZR-AVS27046
Matricule : EZR-Atel_AVS
Code      : -2147467259
Message   : The Connection is broken.
Requete   : 

---------------------------------------------------------------------------------------------------------------
Date      : 28/03/2024 08:36:09
Poste     : EZR-AVS27046
Matricule : EZR-Atel_AVS
Code      : -2147467259
Message   : The Connection is broken.
Requete   : 

---------------------------------------------------------------------------------------------------------------
Date      : 28/03/2024 08:56:43
Poste     : EZR-AVS27046
Matricule : EZR-Atel_AVS
Code      : -2147467259
Message   : The Connection is broken.
Requete   : 

---------------------------------------------------------------------------------------------------------------
Date      : 28/03/2024 09:03:29
Poste     : EZR-AVS27046
Matricule : EZR-Atel_AVS
Code      : -2147467259
Message   : The Connection is broken.
Requete   : 

---------------------------------------------------------------------------------------------------------------
Date      : 28/03/2024 09:09:00
Poste     : EZR-AVS27046
Matricule : EZR-Atel_AVS
Code      : -2147467259
Message   : The Connection is broken.
Requete   : 

---------------------------------------------------------------------------------------------------------------
Date      : 28/03/2024 09:12:29
Poste     : EZR-AVS27046
Matricule : EZR-Atel_AVS
Code      : -2147467259
Message   : The Connection is broken.
Requete   : 

---------------------------------------------------------------------------------------------------------------
Date      : 28/03/2024 09:18:03
Poste     : EZR-AVS27046
Matricule : EZR-Atel_AVS
Code      : -2147467259
Message   : The Connection is broken.
Requete   : 

---------------------------------------------------------------------------------------------------------------
Date      : 28/03/2024 09:23:22
Poste     : EZR-AVS27046
Matricule : EZR-Atel_AVS
Code      : -2147467259
Message   : The Connection is broken.
Requete   : 

---------------------------------------------------------------------------------------------------------------
Date      : 28/03/2024 09:28:35
Poste     : EZR-AVS27046
Matricule : EZR-Atel_AVS
Code      : -2147467259
Message   : The Connection is broken.
Requete   : 

---------------------------------------------------------------------------------------------------------------
Date      : 28/03/2024 09:33:51
Poste     : EZR-AVS27046
Matricule : EZR-Atel_AVS
Code      : -2147467259
Message   : The Connection is broken.
Requete   : 

---------------------------------------------------------------------------------------------------------------
Date      : 28/03/2024 09:42:51
Poste     : EZR-AVS27046
Matricule : EZR-Atel_AVS
Code      : -2147467259
Message   : The Connection is broken.
Requete   : 

---------------------------------------------------------------------------------------------------------------
Date      : 28/03/2024 09:47:45
Poste     : EZR-AVS27046
Matricule : EZR-Atel_AVS
Code      : -2147467259
Message   : The Connection is broken.
Requete   : 

---------------------------------------------------------------------------------------------------------------
Date      : 28/03/2024 10:07:59
Poste     : EZR-AVS27046
Matricule : EZR-Atel_AVS
Code      : -2147467259
Message   : The Connection is broken.
Requete   : 

---------------------------------------------------------------------------------------------------------------
Date      : 28/03/2024 10:12:43
Poste     : EZR-AVS27046
Matricule : EZR-Atel_AVS
Code      : -2147467259
Message   : The Connection is broken.
Requete   : 

