---------------------------------------------------------------------------------------------------------------
Date      : 24/04/2023 09:32:53
Poste     : EZR-LAP558412
Matricule : G558412
Code      : -2147467259
Message   : The Connection is broken.
Requete   : 

---------------------------------------------------------------------------------------------------------------
Date      : 24/04/2023 09:53:32
Poste     : EZR-LAP558412
Matricule : G558412
Code      : -2147467259
Message   : The Connection is broken.
Requete   : 

---------------------------------------------------------------------------------------------------------------
Date      : 24/04/2023 12:08:42
Poste     : EZR-LAP558412
Matricule : G558412
Code      : -2147467259
Message   : The Connection is broken.
Requete   : 

