---------------------------------------------------------------------------------------------------------------
Date      : 05/01/2024 09:03:54
Poste     : EZR-BBS27341
Matricule : EZR-Atel_BBS
Code      : -2147467259
Message   : The Connection is broken.
Requete   : 

---------------------------------------------------------------------------------------------------------------
Date      : 05/01/2024 09:46:31
Poste     : EZR-BBS27341
Matricule : EZR-Atel_BBS
Code      : -2147467259
Message   : The Connection is broken.
Requete   : 

---------------------------------------------------------------------------------------------------------------
Date      : 05/01/2024 10:55:08
Poste     : EZR-BBS27341
Matricule : EZR-Atel_BBS
Code      : -1
Message   : Une erreur d'E/S s'est produite.
Requete   : DeconnexionBase

---------------------------------------------------------------------------------------------------------------
Date      : 05/01/2024 16:21:12
Poste     : EZR-LAP558468
Matricule : G558468
Code      : -1
Message   : Une erreur d'E/S s'est produite.
Requete   : DeconnexionBase

