---------------------------------------------------------------------------------------------------------------
Date      : 06/01/2024 09:49:26
Poste     : EZR-LAP558468
Matricule : G558468
Code      : -2147467259
Message   : Failed to establish a connection to '10.153.249.79'.
Requete   : 

---------------------------------------------------------------------------------------------------------------
Date      : 06/01/2024 09:49:41
Poste     : EZR-LAP558468
Matricule : G558468
Code      : -2147467259
Message   : Failed to establish a connection to '10.153.249.79'.
Requete   : 

---------------------------------------------------------------------------------------------------------------
Date      : 06/01/2024 09:49:56
Poste     : EZR-LAP558468
Matricule : G558468
Code      : -2147467259
Message   : Failed to establish a connection to '10.153.249.79'.
Requete   : 

---------------------------------------------------------------------------------------------------------------
Date      : 06/01/2024 09:49:56
Poste     : EZR-LAP558468
Matricule : G558468
Code      : -2147467259
Message   : Failed to establish a connection to '10.153.249.79'.
Requete   : ConfigurationBase

