---------------------------------------------------------------------------------------------------------------
Date      : 21/03/2023 14:15:18
Poste     : EZR-BBS27341
Matricule : atel_rgw
Code      : -2147467259
Message   : The Connection is broken.
Requete   : 

---------------------------------------------------------------------------------------------------------------
Date      : 21/03/2023 14:33:08
Poste     : EZR-BBS27341
Matricule : atel_rgw
Code      : -2147467259
Message   : The Connection is broken.
Requete   : 

---------------------------------------------------------------------------------------------------------------
Date      : 21/03/2023 14:43:42
Poste     : EZR-BBS27341
Matricule : atel_rgw
Code      : -2147467259
Message   : The Connection is broken.
Requete   : 

