---------------------------------------------------------------------------------------------------------------
Date      : 27/03/2024 06:14:45
Poste     : EZR-AVS27046
Matricule : EZR-Atel_AVS
Code      : -2147467259
Message   : The Connection is broken.
Requete   : 

---------------------------------------------------------------------------------------------------------------
Date      : 27/03/2024 06:20:53
Poste     : EZR-AVS27046
Matricule : EZR-Atel_AVS
Code      : -2147467259
Message   : The Connection is broken.
Requete   : 

---------------------------------------------------------------------------------------------------------------
Date      : 27/03/2024 06:43:33
Poste     : EZR-AVS27046
Matricule : EZR-Atel_AVS
Code      : -2147467259
Message   : The Connection is broken.
Requete   : 

---------------------------------------------------------------------------------------------------------------
Date      : 27/03/2024 06:58:41
Poste     : EZR-AVS27046
Matricule : EZR-Atel_AVS
Code      : -2147467259
Message   : The Connection is broken.
Requete   : 

---------------------------------------------------------------------------------------------------------------
Date      : 27/03/2024 07:30:39
Poste     : EZR-AVS27046
Matricule : EZR-Atel_AVS
Code      : -2147467259
Message   : The Connection is broken.
Requete   : 

---------------------------------------------------------------------------------------------------------------
Date      : 27/03/2024 07:35:49
Poste     : EZR-AVS27046
Matricule : EZR-Atel_AVS
Code      : -2147467259
Message   : The Connection is broken.
Requete   : 

---------------------------------------------------------------------------------------------------------------
Date      : 27/03/2024 07:41:07
Poste     : EZR-AVS27046
Matricule : EZR-Atel_AVS
Code      : -2147467259
Message   : The Connection is broken.
Requete   : 

---------------------------------------------------------------------------------------------------------------
Date      : 27/03/2024 07:50:29
Poste     : EZR-AVS27046
Matricule : EZR-Atel_AVS
Code      : -2147467259
Message   : The Connection is broken.
Requete   : 

---------------------------------------------------------------------------------------------------------------
Date      : 27/03/2024 07:55:02
Poste     : EZR-AVS27046
Matricule : EZR-Atel_AVS
Code      : -2147467259
Message   : The Connection is broken.
Requete   : 

---------------------------------------------------------------------------------------------------------------
Date      : 27/03/2024 08:00:04
Poste     : EZR-AVS27046
Matricule : EZR-Atel_AVS
Code      : -2147467259
Message   : The Connection is broken.
Requete   : 

---------------------------------------------------------------------------------------------------------------
Date      : 27/03/2024 08:34:37
Poste     : EZR-AVS27046
Matricule : EZR-Atel_AVS
Code      : -2147467259
Message   : The Connection is broken.
Requete   : 

---------------------------------------------------------------------------------------------------------------
Date      : 27/03/2024 08:39:41
Poste     : EZR-AVS27046
Matricule : EZR-Atel_AVS
Code      : -2147467259
Message   : The Connection is broken.
Requete   : 

---------------------------------------------------------------------------------------------------------------
Date      : 27/03/2024 08:44:51
Poste     : EZR-AVS27046
Matricule : EZR-Atel_AVS
Code      : -2147467259
Message   : The Connection is broken.
Requete   : 

---------------------------------------------------------------------------------------------------------------
Date      : 27/03/2024 08:48:47
Poste     : EZR-AVS27046
Matricule : EZR-Atel_AVS
Code      : -2147467259
Message   : The Connection is broken.
Requete   : 

---------------------------------------------------------------------------------------------------------------
Date      : 27/03/2024 08:53:46
Poste     : EZR-AVS27046
Matricule : EZR-Atel_AVS
Code      : -2147467259
Message   : The Connection is broken.
Requete   : 

---------------------------------------------------------------------------------------------------------------
Date      : 27/03/2024 08:58:50
Poste     : EZR-AVS27046
Matricule : EZR-Atel_AVS
Code      : -2147467259
Message   : The Connection is broken.
Requete   : 

---------------------------------------------------------------------------------------------------------------
Date      : 27/03/2024 09:07:48
Poste     : EZR-AVS27046
Matricule : EZR-Atel_AVS
Code      : -2147467259
Message   : The Connection is broken.
Requete   : 

---------------------------------------------------------------------------------------------------------------
Date      : 27/03/2024 09:13:46
Poste     : EZR-AVS27046
Matricule : EZR-Atel_AVS
Code      : -2147467259
Message   : The Connection is broken.
Requete   : 

---------------------------------------------------------------------------------------------------------------
Date      : 27/03/2024 09:24:00
Poste     : EZR-AVS27046
Matricule : EZR-Atel_AVS
Code      : -2147467259
Message   : The Connection is broken.
Requete   : 

---------------------------------------------------------------------------------------------------------------
Date      : 27/03/2024 09:29:06
Poste     : EZR-AVS27046
Matricule : EZR-Atel_AVS
Code      : -2147467259
Message   : The Connection is broken.
Requete   : 

---------------------------------------------------------------------------------------------------------------
Date      : 27/03/2024 09:35:07
Poste     : EZR-AVS27046
Matricule : EZR-Atel_AVS
Code      : -2147467259
Message   : The Connection is broken.
Requete   : 

---------------------------------------------------------------------------------------------------------------
Date      : 27/03/2024 09:40:20
Poste     : EZR-AVS27046
Matricule : EZR-Atel_AVS
Code      : -2147467259
Message   : The Connection is broken.
Requete   : 

---------------------------------------------------------------------------------------------------------------
Date      : 27/03/2024 09:45:19
Poste     : EZR-AVS27046
Matricule : EZR-Atel_AVS
Code      : -2147467259
Message   : The Connection is broken.
Requete   : 

---------------------------------------------------------------------------------------------------------------
Date      : 27/03/2024 09:51:00
Poste     : EZR-AVS27046
Matricule : EZR-Atel_AVS
Code      : -2147467259
Message   : The Connection is broken.
Requete   : 

---------------------------------------------------------------------------------------------------------------
Date      : 27/03/2024 09:56:01
Poste     : EZR-AVS27046
Matricule : EZR-Atel_AVS
Code      : -2147467259
Message   : The Connection is broken.
Requete   : 

---------------------------------------------------------------------------------------------------------------
Date      : 27/03/2024 10:03:40
Poste     : EZR-AVS27046
Matricule : EZR-Atel_AVS
Code      : -2147467259
Message   : The Connection is broken.
Requete   : 

---------------------------------------------------------------------------------------------------------------
Date      : 27/03/2024 10:10:26
Poste     : EZR-AVS27046
Matricule : EZR-Atel_AVS
Code      : -2147467259
Message   : The Connection is broken.
Requete   : 

---------------------------------------------------------------------------------------------------------------
Date      : 27/03/2024 10:23:49
Poste     : EZR-AVS27046
Matricule : EZR-Atel_AVS
Code      : -2147467259
Message   : The Connection is broken.
Requete   : 

---------------------------------------------------------------------------------------------------------------
Date      : 27/03/2024 10:32:37
Poste     : EZR-AVS27046
Matricule : EZR-Atel_AVS
Code      : -2147467259
Message   : The Connection is broken.
Requete   : 

---------------------------------------------------------------------------------------------------------------
Date      : 27/03/2024 10:38:01
Poste     : EZR-AVS27046
Matricule : EZR-Atel_AVS
Code      : -2147467259
Message   : The Connection is broken.
Requete   : 

---------------------------------------------------------------------------------------------------------------
Date      : 27/03/2024 10:44:21
Poste     : EZR-AVS27046
Matricule : EZR-Atel_AVS
Code      : -2147467259
Message   : The Connection is broken.
Requete   : 

---------------------------------------------------------------------------------------------------------------
Date      : 27/03/2024 10:49:14
Poste     : EZR-AVS27046
Matricule : EZR-Atel_AVS
Code      : -2147467259
Message   : The Connection is broken.
Requete   : 

---------------------------------------------------------------------------------------------------------------
Date      : 27/03/2024 10:56:33
Poste     : EZR-AVS27046
Matricule : EZR-Atel_AVS
Code      : -2147467259
Message   : The Connection is broken.
Requete   : 

---------------------------------------------------------------------------------------------------------------
Date      : 27/03/2024 11:00:36
Poste     : EZR-AVS27046
Matricule : EZR-Atel_AVS
Code      : -2147467259
Message   : The Connection is broken.
Requete   : 

---------------------------------------------------------------------------------------------------------------
Date      : 27/03/2024 11:07:17
Poste     : EZR-AVS27046
Matricule : EZR-Atel_AVS
Code      : -2147467259
Message   : The Connection is broken.
Requete   : 

---------------------------------------------------------------------------------------------------------------
Date      : 27/03/2024 11:18:42
Poste     : EZR-AVS27046
Matricule : EZR-Atel_AVS
Code      : -2147467259
Message   : The Connection is broken.
Requete   : 

---------------------------------------------------------------------------------------------------------------
Date      : 27/03/2024 11:23:25
Poste     : EZR-AVS27046
Matricule : EZR-Atel_AVS
Code      : -2147467259
Message   : The Connection is broken.
Requete   : 

---------------------------------------------------------------------------------------------------------------
Date      : 27/03/2024 11:29:24
Poste     : EZR-AVS27046
Matricule : EZR-Atel_AVS
Code      : -2147467259
Message   : The Connection is broken.
Requete   : 

---------------------------------------------------------------------------------------------------------------
Date      : 27/03/2024 11:35:48
Poste     : EZR-AVS27046
Matricule : EZR-Atel_AVS
Code      : -2147467259
Message   : The Connection is broken.
Requete   : 

---------------------------------------------------------------------------------------------------------------
Date      : 27/03/2024 11:46:14
Poste     : EZR-AVS27046
Matricule : EZR-Atel_AVS
Code      : -2147467259
Message   : The Connection is broken.
Requete   : 

---------------------------------------------------------------------------------------------------------------
Date      : 27/03/2024 11:55:10
Poste     : EZR-AVS27046
Matricule : EZR-Atel_AVS
Code      : -2147467259
Message   : The Connection is broken.
Requete   : 

---------------------------------------------------------------------------------------------------------------
Date      : 27/03/2024 12:04:26
Poste     : EZR-AVS27046
Matricule : EZR-Atel_AVS
Code      : -1
Message   : Une erreur d'E/S s'est produite.
Requete   : DeconnexionBase

---------------------------------------------------------------------------------------------------------------
Date      : 27/03/2024 12:19:44
Poste     : EZR-AVS27046
Matricule : EZR-Atel_AVS
Code      : -2147467259
Message   : The Connection is broken.
Requete   : 

---------------------------------------------------------------------------------------------------------------
Date      : 27/03/2024 12:25:06
Poste     : EZR-AVS27046
Matricule : EZR-Atel_AVS
Code      : -2147467259
Message   : The Connection is broken.
Requete   : 

---------------------------------------------------------------------------------------------------------------
Date      : 27/03/2024 12:37:19
Poste     : EZR-AVS27046
Matricule : EZR-Atel_AVS
Code      : -2147467259
Message   : The Connection is broken.
Requete   : 

---------------------------------------------------------------------------------------------------------------
Date      : 27/03/2024 12:59:06
Poste     : EZR-AVS27046
Matricule : EZR-Atel_AVS
Code      : -2147467259
Message   : The Connection is broken.
Requete   : 

---------------------------------------------------------------------------------------------------------------
Date      : 27/03/2024 13:08:40
Poste     : EZR-AVS27046
Matricule : EZR-Atel_AVS
Code      : -2147467259
Message   : The Connection is broken.
Requete   : 

---------------------------------------------------------------------------------------------------------------
Date      : 27/03/2024 13:16:44
Poste     : EZR-AVS27046
Matricule : EZR-Atel_AVS
Code      : -2147467259
Message   : The Connection is broken.
Requete   : 

---------------------------------------------------------------------------------------------------------------
Date      : 27/03/2024 13:22:16
Poste     : EZR-AVS27046
Matricule : EZR-Atel_AVS
Code      : -2147467259
Message   : The Connection is broken.
Requete   : 

---------------------------------------------------------------------------------------------------------------
Date      : 27/03/2024 13:27:39
Poste     : EZR-AVS27046
Matricule : EZR-Atel_AVS
Code      : -2147467259
Message   : The Connection is broken.
Requete   : 

---------------------------------------------------------------------------------------------------------------
Date      : 27/03/2024 13:33:12
Poste     : EZR-AVS27046
Matricule : EZR-Atel_AVS
Code      : -2147467259
Message   : The Connection is broken.
Requete   : 

---------------------------------------------------------------------------------------------------------------
Date      : 27/03/2024 13:48:50
Poste     : EZR-AVS27046
Matricule : EZR-Atel_AVS
Code      : -2147467259
Message   : The Connection is broken.
Requete   : 

---------------------------------------------------------------------------------------------------------------
Date      : 27/03/2024 13:55:29
Poste     : EZR-AVS27046
Matricule : EZR-Atel_AVS
Code      : -2147467259
Message   : The Connection is broken.
Requete   : 

---------------------------------------------------------------------------------------------------------------
Date      : 27/03/2024 14:04:23
Poste     : EZR-AVS27046
Matricule : EZR-Atel_AVS
Code      : -2147467259
Message   : The Connection is broken.
Requete   : 

---------------------------------------------------------------------------------------------------------------
Date      : 27/03/2024 14:08:38
Poste     : EZR-AVS27046
Matricule : EZR-Atel_AVS
Code      : -2147467259
Message   : The Connection is broken.
Requete   : 

---------------------------------------------------------------------------------------------------------------
Date      : 27/03/2024 14:14:44
Poste     : EZR-AVS27046
Matricule : EZR-Atel_AVS
Code      : -2147467259
Message   : The Connection is broken.
Requete   : 

---------------------------------------------------------------------------------------------------------------
Date      : 27/03/2024 14:24:41
Poste     : EZR-AVS27046
Matricule : EZR-Atel_AVS
Code      : -2147467259
Message   : The Connection is broken.
Requete   : 

---------------------------------------------------------------------------------------------------------------
Date      : 27/03/2024 14:31:46
Poste     : EZR-AVS27046
Matricule : EZR-Atel_AVS
Code      : -2147467259
Message   : The Connection is broken.
Requete   : 

---------------------------------------------------------------------------------------------------------------
Date      : 27/03/2024 14:40:58
Poste     : EZR-AVS27046
Matricule : EZR-Atel_AVS
Code      : -2147467259
Message   : The Connection is broken.
Requete   : 

---------------------------------------------------------------------------------------------------------------
Date      : 27/03/2024 14:47:47
Poste     : EZR-AVS27046
Matricule : EZR-Atel_AVS
Code      : -2147467259
Message   : The Connection is broken.
Requete   : 

---------------------------------------------------------------------------------------------------------------
Date      : 27/03/2024 14:53:07
Poste     : EZR-AVS27046
Matricule : EZR-Atel_AVS
Code      : -2147467259
Message   : The Connection is broken.
Requete   : 

