---------------------------------------------------------------------------------------------------------------
Date      : 25/06/2020 16:42:15
Poste     : EZR-LAP558145
Matricule : G558145
Code      : -2147467259
Message   : Failed to establish a connection to '10.153.249.79'.
Requete   : 

---------------------------------------------------------------------------------------------------------------
Date      : 25/06/2020 16:43:18
Poste     : EZR-LAP558145
Matricule : G558145
Code      : -2147467259
Message   : Failed to establish a connection to '10.153.249.79'.
Requete   : 

---------------------------------------------------------------------------------------------------------------
Date      : 25/06/2020 16:43:33
Poste     : EZR-LAP558145
Matricule : G558145
Code      : -2147467259
Message   : Failed to establish a connection to '10.153.249.79'.
Requete   : 

---------------------------------------------------------------------------------------------------------------
Date      : 25/06/2020 16:43:49
Poste     : EZR-LAP558145
Matricule : G558145
Code      : -2147467259
Message   : Failed to establish a connection to '10.153.249.79'.
Requete   : 

---------------------------------------------------------------------------------------------------------------
Date      : 25/06/2020 16:43:49
Poste     : EZR-LAP558145
Matricule : G558145
Code      : -2147467259
Message   : Failed to establish a connection to '10.153.249.79'.
Requete   : ConfigurationBase

