---------------------------------------------------------------------------------------------------------------
Date      : 06/09/2022 10:40:39
Poste     : EZR-DESK558391
Matricule : G558391
Code      : -2147467259
Message   : The Connection is broken.
Requete   : 

---------------------------------------------------------------------------------------------------------------
Date      : 06/09/2022 11:32:02
Poste     : EZR-DESK558391
Matricule : G558391
Code      : -1
Message   : Une erreur d'E/S s'est produite.
Requete   : DeconnexionBase

---------------------------------------------------------------------------------------------------------------
Date      : 06/09/2022 13:55:16
Poste     : EZR-DESK558391
Matricule : G558391
Code      : -1
Message   : Impossible d'écrire les données sur la connexion de transport : Une connexion établie a été abandonnée par un logiciel de votre ordinateur hôte.
Requete   : DeconnexionBase

---------------------------------------------------------------------------------------------------------------
Date      : 06/09/2022 14:07:17
Poste     : EZR-DESK558391
Matricule : G558391
Code      : -2147467259
Message   : The Connection is broken.
Requete   : 

---------------------------------------------------------------------------------------------------------------
Date      : 06/09/2022 14:14:50
Poste     : EZR-DESK558391
Matricule : G558391
Code      : -2147467259
Message   : The Connection is broken.
Requete   : 

---------------------------------------------------------------------------------------------------------------
Date      : 06/09/2022 14:22:22
Poste     : EZR-DESK558391
Matricule : G558391
Code      : -2147467259
Message   : The Connection is broken.
Requete   : 

---------------------------------------------------------------------------------------------------------------
Date      : 06/09/2022 14:29:53
Poste     : EZR-DESK558391
Matricule : G558391
Code      : -2147467259
Message   : The Connection is broken.
Requete   : 

---------------------------------------------------------------------------------------------------------------
Date      : 06/09/2022 14:37:28
Poste     : EZR-DESK558391
Matricule : G558391
Code      : -2147467259
Message   : The Connection is broken.
Requete   : 

---------------------------------------------------------------------------------------------------------------
Date      : 06/09/2022 14:45:00
Poste     : EZR-DESK558391
Matricule : G558391
Code      : -2147467259
Message   : The Connection is broken.
Requete   : 

---------------------------------------------------------------------------------------------------------------
Date      : 06/09/2022 14:53:05
Poste     : EZR-DESK558391
Matricule : G558391
Code      : -2147467259
Message   : The Connection is broken.
Requete   : 

---------------------------------------------------------------------------------------------------------------
Date      : 06/09/2022 15:00:37
Poste     : EZR-DESK558391
Matricule : G558391
Code      : -2147467259
Message   : The Connection is broken.
Requete   : 

---------------------------------------------------------------------------------------------------------------
Date      : 06/09/2022 15:08:09
Poste     : EZR-DESK558391
Matricule : G558391
Code      : -2147467259
Message   : The Connection is broken.
Requete   : 

---------------------------------------------------------------------------------------------------------------
Date      : 06/09/2022 15:15:44
Poste     : EZR-DESK558391
Matricule : G558391
Code      : -2147467259
Message   : The Connection is broken.
Requete   : 

---------------------------------------------------------------------------------------------------------------
Date      : 06/09/2022 15:23:14
Poste     : EZR-DESK558391
Matricule : G558391
Code      : -2147467259
Message   : The Connection is broken.
Requete   : 

---------------------------------------------------------------------------------------------------------------
Date      : 06/09/2022 15:30:49
Poste     : EZR-DESK558391
Matricule : G558391
Code      : -2147467259
Message   : The Connection is broken.
Requete   : 

---------------------------------------------------------------------------------------------------------------
Date      : 06/09/2022 15:38:22
Poste     : EZR-DESK558391
Matricule : G558391
Code      : -2147467259
Message   : The Connection is broken.
Requete   : 

---------------------------------------------------------------------------------------------------------------
Date      : 06/09/2022 15:45:58
Poste     : EZR-DESK558391
Matricule : G558391
Code      : -2147467259
Message   : The Connection is broken.
Requete   : 

---------------------------------------------------------------------------------------------------------------
Date      : 06/09/2022 15:53:32
Poste     : EZR-DESK558391
Matricule : G558391
Code      : -2147467259
Message   : The Connection is broken.
Requete   : 

