---------------------------------------------------------------------------------------------------------------
Date      : 23/08/2022 11:34:18
Poste     : EZR-DESK558391
Matricule : G558391
Code      : -2147467259
Message   : The Connection is broken.
Requete   : 

---------------------------------------------------------------------------------------------------------------
Date      : 23/08/2022 11:58:46
Poste     : EZR-DESK558391
Matricule : G558391
Code      : -2147467259
Message   : The Connection is broken.
Requete   : 

---------------------------------------------------------------------------------------------------------------
Date      : 23/08/2022 12:10:12
Poste     : EZR-DESK558391
Matricule : G558391
Code      : -2147467259
Message   : The Connection is broken.
Requete   : 

---------------------------------------------------------------------------------------------------------------
Date      : 23/08/2022 17:17:32
Poste     : EZR-DESK558391
Matricule : G558391
Code      : -1
Message   : Une erreur d'E/S s'est produite.
Requete   : DeconnexionBase

