---------------------------------------------------------------------------------------------------------------
Date      : 19/10/2022 11:16:06
Poste     : EZR-BBS27341
Matricule : atel_rgw
Code      : -2147467259
Message   : The Connection is broken.
Requete   : 

---------------------------------------------------------------------------------------------------------------
Date      : 19/10/2022 11:43:00
Poste     : EZR-BBS27341
Matricule : atel_rgw
Code      : -2147467259
Message   : The Connection is broken.
Requete   : 

---------------------------------------------------------------------------------------------------------------
Date      : 19/10/2022 14:45:59
Poste     : EZR-BBS27341
Matricule : atel_rgw
Code      : -2147467259
Message   : The Connection is broken.
Requete   : 

---------------------------------------------------------------------------------------------------------------
Date      : 19/10/2022 15:08:25
Poste     : EZR-BBS27341
Matricule : atel_rgw
Code      : -1
Message   : Une erreur d'E/S s'est produite.
Requete   : DeconnexionBase

