---------------------------------------------------------------------------------------------------------------
Date      : 23/04/2020 10:09:23
Poste     : EZR-LAP558145
Matricule : G558145
Code      : -2147467259
Message   : A timeout has occured. If you were establishing a connection, increase Timeout value in ConnectionString. If you were executing a command, increate the CommandTimeout value in ConnectionString or in your NpgsqlCommand object.
Requete   : 

---------------------------------------------------------------------------------------------------------------
Date      : 23/04/2020 10:09:43
Poste     : EZR-LAP558145
Matricule : G558145
Code      : -1
Message   : Impossible de lire les données de la connexion de transport : Une connexion existante a dû être fermée par l’hôte distant.
Requete   : ConfigurationBase

---------------------------------------------------------------------------------------------------------------
Date      : 23/04/2020 13:09:48
Poste     : EZR-LAP558145
Matricule : G558145
Code      : -2147467259
Message   : A timeout has occured. If you were establishing a connection, increase Timeout value in ConnectionString. If you were executing a command, increate the CommandTimeout value in ConnectionString or in your NpgsqlCommand object.
Requete   : 

