---------------------------------------------------------------------------------------------------------------
Date      : 24/08/2022 08:48:11
Poste     : EZR-DESK558391
Matricule : G558391
Code      : -2147467259
Message   : The Connection is broken.
Requete   : 

---------------------------------------------------------------------------------------------------------------
Date      : 24/08/2022 10:05:16
Poste     : EZR-DESK558391
Matricule : G558391
Code      : -2147467259
Message   : The Connection is broken.
Requete   : 

---------------------------------------------------------------------------------------------------------------
Date      : 24/08/2022 12:27:26
Poste     : EZR-DESK558391
Matricule : G558391
Code      : -1
Message   : Une erreur d'E/S s'est produite.
Requete   : DeconnexionBase

---------------------------------------------------------------------------------------------------------------
Date      : 24/08/2022 17:05:44
Poste     : EZR-DESK558391
Matricule : G558391
Code      : -1
Message   : Une erreur d'E/S s'est produite.
Requete   : DeconnexionBase

