---------------------------------------------------------------------------------------------------------------
Date      : 28/10/2022 11:24:40
Poste     : EZR-BBS27341
Matricule : atel_rgw
Code      : -1
Message   : Une erreur d'E/S s'est produite.
Requete   : DeconnexionBase

---------------------------------------------------------------------------------------------------------------
Date      : 28/10/2022 11:44:28
Poste     : EZR-BBS27341
Matricule : atel_rgw
Code      : -1
Message   : Une erreur d'E/S s'est produite.
Requete   : DeconnexionBase

---------------------------------------------------------------------------------------------------------------
Date      : 28/10/2022 12:04:34
Poste     : EZR-BBS27341
Matricule : atel_rgw
Code      : -2147467259
Message   : The Connection is broken.
Requete   : 

---------------------------------------------------------------------------------------------------------------
Date      : 28/10/2022 15:54:46
Poste     : EZR-BBS27341
Matricule : atel_rgw
Code      : -1
Message   : Une erreur d'E/S s'est produite.
Requete   : DeconnexionBase

