---------------------------------------------------------------------------------------------------------------
Date      : 31/08/2022 08:23:43
Poste     : EZR-DESK558391
Matricule : G558391
Code      : -2147467259
Message   : The Connection is broken.
Requete   : 

---------------------------------------------------------------------------------------------------------------
Date      : 31/08/2022 08:46:21
Poste     : EZR-DESK558391
Matricule : G558391
Code      : -1
Message   : Une erreur d'E/S s'est produite.
Requete   : DeconnexionBase

---------------------------------------------------------------------------------------------------------------
Date      : 31/08/2022 10:06:28
Poste     : EZR-DESK558391
Matricule : G558391
Code      : -1
Message   : Une erreur d'E/S s'est produite.
Requete   : DeconnexionBase

---------------------------------------------------------------------------------------------------------------
Date      : 31/08/2022 11:24:47
Poste     : EZR-DESK558391
Matricule : G558391
Code      : -2147467259
Message   : The Connection is broken.
Requete   : 

---------------------------------------------------------------------------------------------------------------
Date      : 31/08/2022 15:00:38
Poste     : EZR-DESK558391
Matricule : G558391
Code      : -2147467259
Message   : The Connection is broken.
Requete   : 

