---------------------------------------------------------------------------------------------------------------
Date      : 29/06/2020 12:37:34
Poste     : EZR-LAP558145
Matricule : G558145
Code      : -2147467259
Message   : The Connection is broken.
Requete   : 

---------------------------------------------------------------------------------------------------------------
Date      : 29/06/2020 12:42:16
Poste     : EZR-LAP558145
Matricule : G558145
Code      : -2147467259
Message   : The Connection is broken.
Requete   : 

---------------------------------------------------------------------------------------------------------------
Date      : 29/06/2020 13:11:11
Poste     : EZR-LAP558145
Matricule : G558145
Code      : -2147467259
Message   : The Connection is broken.
Requete   : 

---------------------------------------------------------------------------------------------------------------
Date      : 29/06/2020 15:03:52
Poste     : EZR-LAP558145
Matricule : G558145
Code      : -2147467259
Message   : The Connection is broken.
Requete   : 

