---------------------------------------------------------------------------------------------------------------
Date      : 18/06/2020 08:55:53
Poste     : EZR-LAP558145
Matricule : G558145
Code      : -2147467259
Message   : The Connection is broken.
Requete   : 

---------------------------------------------------------------------------------------------------------------
Date      : 18/06/2020 13:48:54
Poste     : EZR-LAP558145
Matricule : G558145
Code      : -2147467259
Message   : Failed to establish a connection to '10.153.249.79'.
Requete   : 

---------------------------------------------------------------------------------------------------------------
Date      : 18/06/2020 13:49:59
Poste     : EZR-LAP558145
Matricule : G558145
Code      : -2147467259
Message   : The Connection is broken.
Requete   : 

