---------------------------------------------------------------------------------------------------------------
Date      : 24/10/2019 08:44:07
Poste     : BNR-DESK546456
Matricule : g546456
Code      : -2147467259
Message   : pg_hba.conf rejects connection for host "10.153.172.92", user "postgres", database "tc_rgw", SSL off
Requete   : 

---------------------------------------------------------------------------------------------------------------
Date      : 24/10/2019 08:44:07
Poste     : BNR-DESK546456
Matricule : g546456
Code      : -2147467259
Message   : pg_hba.conf rejects connection for host "10.153.172.92", user "postgres", database "tc_rgw", SSL off
Requete   : ConfigurationBase

---------------------------------------------------------------------------------------------------------------
Date      : 24/10/2019 09:58:55
Poste     : BNR-DESK546456
Matricule : g546456
Code      : -2147467259
Message   : pg_hba.conf rejects connection for host "10.153.172.92", user "postgres", database "tc_rgw", SSL off
Requete   : 

---------------------------------------------------------------------------------------------------------------
Date      : 24/10/2019 09:58:55
Poste     : BNR-DESK546456
Matricule : g546456
Code      : -2147467259
Message   : pg_hba.conf rejects connection for host "10.153.172.92", user "postgres", database "tc_rgw", SSL off
Requete   : ConfigurationBase

---------------------------------------------------------------------------------------------------------------
Date      : 24/10/2019 10:07:22
Poste     : BNR-DESK546456
Matricule : g546456
Code      : -2147467259
Message   : pg_hba.conf rejects connection for host "10.153.172.92", user "postgres", database "tc_rgw", SSL off
Requete   : 

---------------------------------------------------------------------------------------------------------------
Date      : 24/10/2019 10:07:22
Poste     : BNR-DESK546456
Matricule : g546456
Code      : -2147467259
Message   : pg_hba.conf rejects connection for host "10.153.172.92", user "postgres", database "tc_rgw", SSL off
Requete   : ConfigurationBase

---------------------------------------------------------------------------------------------------------------
Date      : 24/10/2019 10:36:41
Poste     : BNR-DESK546456
Matricule : g546456
Code      : -2147467259
Message   : pg_hba.conf rejects connection for host "10.153.172.92", user "postgres", database "tc_rgw", SSL off
Requete   : 

---------------------------------------------------------------------------------------------------------------
Date      : 24/10/2019 10:36:41
Poste     : BNR-DESK546456
Matricule : g546456
Code      : -2147467259
Message   : pg_hba.conf rejects connection for host "10.153.172.92", user "postgres", database "tc_rgw", SSL off
Requete   : ConfigurationBase

