---------------------------------------------------------------------------------------------------------------
Date      : 02/09/2022 11:45:46
Poste     : EZR-DESK558391
Matricule : G558391
Code      : -2147467259
Message   : The Connection is broken.
Requete   : 

---------------------------------------------------------------------------------------------------------------
Date      : 02/09/2022 11:56:03
Poste     : EZR-DESK558391
Matricule : G558391
Code      : -1
Message   : Une erreur d'E/S s'est produite.
Requete   : DeconnexionBase

---------------------------------------------------------------------------------------------------------------
Date      : 02/09/2022 13:49:21
Poste     : EZR-DESK558391
Matricule : G558391
Code      : -2147467259
Message   : The Connection is broken.
Requete   : 

